<?xml version="1.0" encoding="UTF-8"?>
<!-- Generated by org.testng.reporters.JUnitReportReporter -->
<testsuite hostname="DUKE" name="com.duke.testCases.loginIn" tests="1" failures="0" timestamp="25 Jan 2019 10:45:30 GMT" time="0.896" errors="0">
  <testcase name="LoginIn" time="0.896" classname="com.duke.testCases.loginIn"/>
</testsuite> <!-- com.duke.testCases.loginIn -->
