<?xml version="1.0" encoding="UTF-8"?>
<!-- Generated by org.testng.reporters.JUnitReportReporter -->
<testsuite hostname="DUKE" name="com.duke.testRunner.TestRunner" tests="1" failures="0" timestamp="16 Feb 2019 14:19:29 GMT" time="1.206" errors="0">
  <testcase name="runScenario" time="1.206" classname="com.duke.testRunner.TestRunner"/>
</testsuite> <!-- com.duke.testRunner.TestRunner -->
