<?xml version="1.0" encoding="UTF-8"?>
<!-- Generated by org.testng.reporters.JUnitReportReporter -->
<testsuite skipped="0" hostname="DESKTOP-1UO0552" name="com.duke.testRunner.TestRunner" tests="1" failures="0" timestamp="23 Jul 2020 12:53:10 GMT" time="3.958" errors="0">
  <testcase name="runScenario" time="3.958" classname="com.duke.testRunner.TestRunner"/>
</testsuite> <!-- com.duke.testRunner.TestRunner -->
